{
  "0 debug pnpm:scope": {
    "selected": 1,
    "workspacePrefix": "E:\\Vue3-handler"
  },
  "1 info pnpm": {
    "err": {
      "name": "Error",
      "message": "not found: istall",
      "code": "ENOENT",
      "stack": "Error: not found: istall\n    at getNotFoundError (C:\\Users\\31274\\AppData\\Roaming\\npm\\node_modules\\pnpm\\dist\\pnpm.cjs:41518:51)\n    at Function.whichSync [as sync] (C:\\Users\\31274\\AppData\\Roaming\\npm\\node_modules\\pnpm\\dist\\pnpm.cjs:41595:13)\n    at getCommandAbsolutePathSync (C:\\Users\\31274\\AppData\\Roaming\\npm\\node_modules\\pnpm\\dist\\pnpm.cjs:43160:44)\n    at default_1 (C:\\Users\\31274\\AppData\\Roaming\\npm\\node_modules\\pnpm\\dist\\pnpm.cjs:43169:32)\n    at C:\\Users\\31274\\AppData\\Roaming\\npm\\node_modules\\pnpm\\dist\\pnpm.cjs:171190:39"
    }
  },
  "2 error pnpm": {
    "code": "ERR_PNPM_RECURSIVE_EXEC_FIRST_FAIL",
    "prefix": "E:\\Vue3-handler",
    "err": {
      "name": "pnpm",
      "message": "not found: istall",
      "code": "ERR_PNPM_RECURSIVE_EXEC_FIRST_FAIL",
      "stack": "Error: not found: istall\n    at getNotFoundError (C:\\Users\\31274\\AppData\\Roaming\\npm\\node_modules\\pnpm\\dist\\pnpm.cjs:41518:51)\n    at Function.whichSync [as sync] (C:\\Users\\31274\\AppData\\Roaming\\npm\\node_modules\\pnpm\\dist\\pnpm.cjs:41595:13)\n    at getCommandAbsolutePathSync (C:\\Users\\31274\\AppData\\Roaming\\npm\\node_modules\\pnpm\\dist\\pnpm.cjs:43160:44)\n    at default_1 (C:\\Users\\31274\\AppData\\Roaming\\npm\\node_modules\\pnpm\\dist\\pnpm.cjs:43169:32)\n    at C:\\Users\\31274\\AppData\\Roaming\\npm\\node_modules\\pnpm\\dist\\pnpm.cjs:171190:39"
    }
  }
}